app/seeds.txt
com.suyf.suapp.DataBinderMapperImpl
com.suyf.suapp.MainActivity: MainActivity()
com.suyf.suapp.DataBinderMapperImpl: DataBinderMapperImpl()
com.suyf.suapp.MainActivity
...
android.support.v7.appcompat.R$style: int Widget_AppCompat_TextView_SpinnerItem
com.suyf.dialog.R$drawable: int abc_control_background_material
android.support.v7.appcompat.R$layout: int abc_activity_chooser_view
android.support.compat.R$styleable: int FontFamily_fontProviderCerts
android.support.graphics.drawable.VectorDrawableCompat$VGroup: float getScaleX()
android.support.v7.appcompat.R$style: int Base_Theme_AppCompat_Dialog_FixedSize
android.support.v7.appcompat.R$style: int Base_V28_Theme_AppCompat
android.support.v7.appcompat.R$drawable: int abc_btn_colored_material
com.suyf.home.R$layout: int abc_search_dropdown_item_icons_2line
android.support.v7.appcompat.R$dimen: int abc_dialog_list_padding_top_no_title
android.support.v7.appcompat.R$style: int Base_Widget_AppCompat_ListView
android.support.v7.appcompat.R$styleable: int Toolbar_titleMarginBottom
android.support.v7.appcompat.R$style: int Animation_AppCompat_Tooltip
com.suyf.third.R$id: int home
com.suyf.home.R$id: int normal
android.support.v7.recyclerview.R$styleable: int FontFamily_fontProviderQuery
android.support.v7.widget.AbsActionBarView: AbsActionBarView(android.content.Context)
android.support.v7.appcompat.R$attr: int color
com.suyf.home.R$id: int src_atop
android.support.v7.appcompat.R$style: int Widget_AppCompat_ListView_DropDown
android.support.v4.app.FragmentActivity: FragmentActivity()
android.support.v7.appcompat.R$attr: int viewInflaterClass
android.support.v7.appcompat.R$attr: int background
com.suyf.home.R$id: int group_divider
android.support.v7.appcompat.R$styleable: int AppCompatTextHelper_android_drawableTop
android.support.v7.widget.ActionMenuView: int getWindowAnimations()
android.support.v7.appcompat.R$styleable: int CoordinatorLayout_Layout_layout_anchor
com.suyf.another.R$id: int left
android.support.v7.appcompat.R$style: int Theme_AppCompat_DayNight_Dialog_MinWidth
android.support.v7.appcompat.R$dimen: int abc_dialog_list_padding_bottom_no_buttons
android.support.v7.appcompat.R$style: int Base_TextAppearance_Widget_AppCompat_Toolbar_Title
android.support.v7.appcompat.R$string: int abc_activity_chooser_view_see_all
android.support.v7.appcompat.R$styleable: int ListPopupWindow_android_dropDownVerticalOffset
android.support.v7.appcompat.R$style: int TextAppearance_Widget_AppCompat_Toolbar_Title
android.support.graphics.drawable.VectorDrawableCompat$VGroup: float getRotation()
android.support.v7.appcompat.R$attr: int subtitleTextAppearance
com.suyf.dialog.R$id: int action_mode_close_button
android.support.v7.appcompat.R$color: int error_color_material_dark
android.support.v7.appcompat.R$attr: int divider
android.support.v7.widget.Toolbar: void setOnMenuItemClickListener(android.support.v7.widget.Toolbar$OnMenuItemClickListener)
android.support.v7.appcompat.R$style: int Base_TextAppearance_AppCompat_Light_Widget_PopupMenu_Small
com.suyf.home.R$id: int split_action_bar
com.suyf.home.R$id: int topPanel
android.support.v7.appcompat.R$styleable: int PopupWindow_android_popupAnimationStyle
android.support.v7.appcompat.R$drawable: int abc_btn_check_material
com.suyf.dialog.R$drawable: int abc_btn_radio_to_on_mtrl_000
android.support.v7.appcompat.R$id: int action_container
android.support.v7.widget.SearchView: void setSearchableInfo(android.app.SearchableInfo)
android.support.v7.appcompat.R$id: int action_menu_presenter
android.support.v7.appcompat.R$styleable: int AppCompatTheme_listPreferredItemHeight
android.support.v7.widget.RecyclerView: void setScrollState(int)
android.support.v7.recyclerview.R$styleable: int RecyclerView_spanCount
android.support.v7.appcompat.R$dimen: int compat_notification_large_icon_max_height
android.support.v7.appcompat.R$style: int TextAppearance_Compat_Notification_Info
android.support.v7.appcompat.R$dimen: int notification_big_circle_margin
android.support.graphics.drawable.VectorDrawableCompat$VFullPath: void setStrokeAlpha(float)