app/mapping.txt
# compiler: R8
# compiler_version: 1.4.77
# min_api: 16
com.suyf.suapp.DataBinderMapperImpl -> com.suyf.suapp.DataBinderMapperImpl:
    android.util.SparseIntArray INTERNAL_LAYOUT_ID_LOOKUP -> a
    java.util.List collectDependencies() -> a
    android.databinding.ViewDataBinding getDataBinder(android.databinding.DataBindingComponent,android.view.View,int) -> a
com.suyf.suapp.MainActivity -> com.suyf.suapp.MainActivity:
    1:1:void registerClass():0:0 -> onCreate
    1:1:void onCreate(android.os.Bundle):0 -> onCreate
    2:2:void onCreate(android.os.Bundle):0:0 -> onCreate
...
android.support.v7.widget.RecyclerView$State -> android.support.v7.widget.RecyclerView$u:
    int mFocusedSubChildId -> o
    int mFocusedItemPosition -> m
    boolean mTrackOldChangeHolders -> i
    boolean mIsMeasuring -> j
    boolean mRunSimpleAnimations -> k
    boolean mRunPredictiveAnimations -> l
    int mItemCount -> f
    int mDeletedInvisibleItemCountSincePreviousLayout -> d
    int mLayoutStep -> e
    int mPreviousLayoutItemCount -> c
    int mTargetPosition -> a
    android.util.SparseArray mData -> b
    boolean mStructureChanged -> g
    boolean mInPreLayout -> h
    long mFocusedItemId -> n
    void assertLayoutStep(int) -> a
    int getItemCount() -> a
android.support.v7.widget.RecyclerView$ViewCacheExtension -> android.support.v7.widget.RecyclerView$v:
android.support.v7.widget.RecyclerView$ViewFlinger -> android.support.v7.widget.RecyclerView$w:
    android.support.v7.widget.RecyclerView this$0 -> g
    boolean mEatRunOnAnimationRequest -> e
    android.view.animation.Interpolator mInterpolator -> d
    boolean mReSchedulePostAnimationCallback -> f
    int mLastFlingY -> b
    int mLastFlingX -> a
    android.widget.OverScroller mScroller -> c
    void postOnAnimation() -> a
    1:1:int computeScrollDuration(int,int,int,int):0:0 -> a
    1:1:void smoothScrollBy(int,int,android.view.animation.Interpolator):0 -> a
    2:2:float distanceInfluenceForSnapDuration(float):0:0 -> a
    2:2:int computeScrollDuration(int,int,int,int):0 -> a
    2:2:void smoothScrollBy(int,int,android.view.animation.Interpolator):0 -> a
    3:3:int computeScrollDuration(int,int,int,int):0:0 -> a
    3:3:void smoothScrollBy(int,int,android.view.animation.Interpolator):0 -> a
    4:4:void smoothScrollBy(int,int,android.view.animation.Interpolator):0:0 -> a
    5:5:void smoothScrollBy(int,int,int,android.view.animation.Interpolator):0:0 -> a
    5:5:void smoothScrollBy(int,int,android.view.animation.Interpolator):0 -> a
    void stop() -> b
    1:1:void stop():0:0 -> run
    1:1:void run():0 -> run
    2:2:void disableRunOnAnimationRequests():0:0 -> run
    2:2:void run():0 -> run
    3:3:void run():0:0 -> run
    4:4:void android.support.v7.widget.GapWorker$LayoutPrefetchRegistryImpl.clearPrefetchPositions():0:0 -> run
    4:4:void run():0 -> run
android.support.v7.widget.RecyclerView$ViewHolder -> android.support.v7.widget.RecyclerView$x:
    int mIsRecyclableCount -> n
    boolean mInChangeScrap -> p
    android.support.v7.widget.RecyclerView mOwnerRecyclerView -> s
    long mItemId -> f
    int mFlags -> k
    int mPreLayoutPosition -> h
    android.support.v7.widget.RecyclerView$ViewHolder mShadowedHolder -> i
    android.support.v7.widget.RecyclerView$ViewHolder mShadowingHolder -> j
    int mItemViewType -> g
    int mPosition -> d
    int mOldPosition -> e
    android.support.v7.widget.RecyclerView$Recycler mScrapContainer -> o
    java.util.List FULLUPDATE_PAYLOADS -> a
    java.lang.ref.WeakReference mNestedRecyclerView -> c
    android.view.View itemView -> b
    int mPendingAccessibilityState -> r
    java.util.List mUnmodifiedPayloads -> m
    java.util.List mPayloads -> l
    int mWasImportantForAccessibilityBeforeHidden -> q
    1:1:void createPayloadsIfNeeded():0:0 -> a
    1:1:void addChangePayload(java.lang.Object):0 -> a
    2:2:void addChangePayload(java.lang.Object):0:0 -> a
    void addFlags(int) -> a
    void clearOldPosition() -> a
    void offsetPosition(int,boolean) -> a
    void setFlags(int,int) -> a
    void setIsRecyclable(boolean) -> a
    void clearReturnedFromScrapFlag() -> b
    boolean hasAnyOfTheFlags(int) -> b
    int getLayoutPosition() -> c
    java.util.List getUnmodifiedPayloads() -> d
    boolean isBound() -> e
    boolean isInvalid() -> f
    boolean isRecyclable() -> g