app/unused.txt
com.suyf.suapp.R$styleable
com.suyf.suapp.DataBinderMapperImpl$InnerLayoutIdLookup
com.suyf.suapp.DataBinderMapperImpl$InnerBrLookup
com.suyf.suapp.R$attr
com.suyf.suapp.R$anim
com.suyf.suapp.R$bool
com.suyf.suapp.R$id
com.suyf.suapp.R$dimen
com.suyf.suapp.R$xml
com.suyf.suapp.R$integer
com.suyf.suapp.R$color
com.suyf.suapp.R$drawable
com.suyf.suapp.DataBinderMapperImpl
    public int getLayoutId(java.lang.String)
    public java.lang.String convertBrIdToString(int)
com.suyf.suapp.R$layout
com.suyf.suapp.DataBindingInfo
com.suyf.suapp.R
com.suyf.suapp.R$string
com.suyf.suapp.BR
com.suyf.suapp.R$style
com.suyf.suapp.R$mipmap
com.suyf.suapp.BuildConfig
com.suyf.suapp.DataBinderMapperImpl
    public android.databinding.ViewDataBinding getDataBinder(android.databinding.DataBindingComponent,android.view.View[],int)
com.suyf.suapp.MainActivity
    public final void registerClass()
...
android.databinding.ListChangeRegistry$1
android.support.v7.view.menu.MenuView
    public abstract void initialize(android.support.v7.view.menu.MenuBuilder)
    public abstract int getWindowAnimations()
android.support.annotation.ArrayRes
android.support.v4.graphics.drawable.RoundedBitmapDrawableFactory$DefaultRoundedBitmapDrawable
android.support.v4.content.res.GradientColorInflaterCompat
    private void <init>()
    static android.graphics.Shader createFromXml(android.content.res.Resources,org.xmlpull.v1.XmlPullParser,android.content.res.Resources$Theme)
    private static final int TILE_MODE_CLAMP
    private static final int TILE_MODE_REPEAT
    private static final int TILE_MODE_MIRROR
android.support.v7.app.AlertController$2
android.support.v4.graphics.TypefaceCompatApi26Impl
    private static final java.lang.String TAG
    private static final java.lang.String FONT_FAMILY_CLASS
    private static final java.lang.String ADD_FONT_FROM_ASSET_MANAGER_METHOD
    private static final java.lang.String ADD_FONT_FROM_BUFFER_METHOD
    private static final java.lang.String CREATE_FROM_FAMILIES_WITH_DEFAULT_METHOD
    private static final java.lang.String FREEZE_METHOD
    private static final java.lang.String ABORT_CREATION_METHOD
    private static final int RESOLVE_BY_FONT_TABLE
    private static final java.lang.String DEFAULT_FAMILY
android.support.v4.graphics.drawable.RoundedBitmapDrawableFactory
android.support.v4.os.LocaleListCompat$LocaleListCompatBaseImpl
android.support.graphics.drawable.R$dimen
android.support.constraint.ConstraintSet$Constraint
android.support.v7.util.AsyncListUtil$DataCallback
android.support.customview.R$attr
android.databinding.ObservableParcelable$1
android.support.v4.widget.ExploreByTouchHelper$1
android.support.v4.widget.TextViewCompat$OreoCallback
    private static final int MENU_ITEM_ORDER_PROCESS_TEXT_INTENT_ACTIONS_START
android.support.v7.viewpager.R$integer
android.support.constraint.ConstraintLayout$LayoutParams
android.support.slidingpanelayout.R$drawable
android.support.v7.widget.LinearLayoutManager$LayoutState
    void log()
    static final java.lang.String TAG
    static final int LAYOUT_START
    static final int LAYOUT_END
    static final int INVALID_LAYOUT
    static final int ITEM_DIRECTION_HEAD
    static final int ITEM_DIRECTION_TAIL
    static final int SCROLLING_OFFSET_NaN
android.support.v7.util.ThreadUtil
android.support.v7.widget.ActionBarContextView
    public void initForMode(android.support.v7.view.ActionMode)
    public void closeMode()
    public void killMode()
    public boolean showOverflowMenu()
    public boolean hideOverflowMenu()
    public boolean isOverflowMenuShowing()
    public boolean isTitleOptional()
    public synthetic bridge void dismissPopupMenus()
    public synthetic bridge boolean canShowOverflowMenu()
    public synthetic bridge boolean isOverflowReserved()
    public synthetic bridge boolean isOverflowMenuShowPending()
    public synthetic bridge void postShowOverflowMenu()
    public synthetic bridge void animateToVisibility(int)
    public synthetic bridge android.support.v4.view.ViewPropertyAnimatorCompat setupAnimatorToVisibility(int,long)
    private static final java.lang.String TAG
android.support.annotation.RequiresFeature
android.databinding.adapters.SearchViewBindingAdapter$OnQueryTextSubmit
android.support.v4.view.AsyncLayoutInflater$1
android.support.v7.recyclerview.extensions.AsyncListDiffer$MainThreadExecutor
android.support.annotation.AttrRes
android.support.v4.widget.CircularProgressDrawable$Ring
com.android.databinding.library.baseAdapters.R$integer